[debug] [2021-11-02T05:36:11.631Z] ----------------------------------------------------------------------
[debug] [2021-11-02T05:36:11.633Z] Command:       C:\Program Files\nodejs\node.exe C:\Users\Amit\AppData\Roaming\npm\node_modules\firebase-tools\lib\bin\firebase.js init
[debug] [2021-11-02T05:36:11.633Z] CLI Version:   9.21.0
[debug] [2021-11-02T05:36:11.634Z] Platform:      win32
[debug] [2021-11-02T05:36:11.634Z] Node Version:  v14.18.1
[debug] [2021-11-02T05:36:11.635Z] Time:          Tue Nov 02 2021 11:06:11 GMT+0530 (India Standard Time)
[debug] [2021-11-02T05:36:11.635Z] ----------------------------------------------------------------------
[debug] 
[debug] [2021-11-02T05:36:11.637Z] >>> [apiv2][query] GET https://firebase-public.firebaseio.com/cli.json [none]
[debug] [2021-11-02T05:36:11.706Z] > command requires scopes: ["email","openid","https://www.googleapis.com/auth/cloudplatformprojects.readonly","https://www.googleapis.com/auth/firebase","https://www.googleapis.com/auth/cloud-platform"]
[debug] [2021-11-02T05:36:11.706Z] > authorizing via signed-in user (akm43300@gmail.com)
[info] 
     ######## #### ########  ######## ########     ###     ######  ########
     ##        ##  ##     ## ##       ##     ##  ##   ##  ##       ##
     ######    ##  ########  ######   ########  #########  ######  ######
     ##        ##  ##    ##  ##       ##     ## ##     ##       ## ##
     ##       #### ##     ## ######## ########  ##     ##  ######  ########

You're about to initialize a Firebase project in this directory:

  C:\Users\Amit\Desktop\FunwithPhysics\funwithphysics

Before we get started, keep in mind:

  * You are initializing within an existing Firebase project directory

[debug] [2021-11-02T05:36:12.858Z] <<< [apiv2][status] GET https://firebase-public.firebaseio.com/cli.json 200
